<?xml version="1.0" encoding="UTF-8"?>
<testsuite xmlns:xsi="http://www.w3.org/2001/XMLSchema-instance" xsi:noNamespaceSchemaLocation="https://maven.apache.org/surefire/maven-surefire-plugin/xsd/surefire-test-report.xsd" name="TestSuite" time="146.257" tests="23" errors="0" skipped="0" failures="0">
  <properties>
[...]
</properties>
  <testcase name="controlDisplayed" classname="com.qachallenge.test.regression.SearchTest" time="2.451"/>
  <testcase name="invalidDateCreated_1" classname="com.qachallenge.test.regression.SearchTest" time="21.693"/>
  <testcase name="invalidName_1" classname="com.qachallenge.test.regression.SearchTest" time="22.566"/>
  <testcase name="invalidRecordDivisions_1" classname="com.qachallenge.test.regression.SearchTest" time="22.603"/>
  <testcase name="invalidRecordStatus_1" classname="com.qachallenge.test.regression.SearchTest" time="22.326"/>
  <testcase name="searchDateCreated_1" classname="com.qachallenge.test.regression.SearchTest" time="2.753"/>
  <testcase name="searchDateCreated_2" classname="com.qachallenge.test.regression.SearchTest" time="2.922"/>
  <testcase name="searchDateModified_1" classname="com.qachallenge.test.regression.SearchTest" time="2.896"/>
  <testcase name="searchDateModified_2" classname="com.qachallenge.test.regression.SearchTest" time="2.97"/>
  <testcase name="searchDisplayed" classname="com.qachallenge.test.regression.SearchTest" time="0.1"/>
  <testcase name="searchName_1" classname="com.qachallenge.test.regression.SearchTest" time="1.725"/>
  <testcase name="searchName_2" classname="com.qachallenge.test.regression.SearchTest" time="2.214"/>
  <testcase name="searchName_3" classname="com.qachallenge.test.regression.SearchTest" time="2.295"/>
  <testcase name="searchRecordDivisions_1" classname="com.qachallenge.test.regression.SearchTest" time="2.458"/>
  <testcase name="searchRecordDivisions_2" classname="com.qachallenge.test.regression.SearchTest" time="2.68"/>
  <testcase name="searchRecordDivisions_3" classname="com.qachallenge.test.regression.SearchTest" time="2.021"/>
  <testcase name="searchRecordDivisions_4" classname="com.qachallenge.test.regression.SearchTest" time="2.068"/>
  <testcase name="searchRecordDivisions_5" classname="com.qachallenge.test.regression.SearchTest" time="2.024"/>
  <testcase name="searchRecordStatus_1" classname="com.qachallenge.test.regression.SearchTest" time="2.09"/>
  <testcase name="searchRecordStatus_2" classname="com.qachallenge.test.regression.SearchTest" time="2.513"/>
  <testcase name="searchRecordStatus_3" classname="com.qachallenge.test.regression.SearchTest" time="2.206"/>
  <testcase name="searchRecordStatus_4" classname="com.qachallenge.test.regression.SearchTest" time="2.394"/>
  <testcase name="statisticsDisplayed" classname="com.qachallenge.test.regression.SearchTest" time="0.848"/>
</testsuite>